C51 COMPILER V9.54   ADC                                                                   04/12/2019 23:13:57 PAGE 1   


C51 COMPILER V9.54, COMPILATION OF MODULE ADC
OBJECT MODULE PLACED IN .\Objects\ADC.obj
COMPILER INVOKED BY: D:\Keil_v5\C51\BIN\C51.EXE Hardware\ADC\ADC.C OPTIMIZE(8,SPEED) BROWSE INCDIR(.\USER;.\START;.\Hard
                    -ware\IO_FUNC;.\Hardware\USART;.\Hardware\TIM;.\Hardware\ADC) DEBUG OBJECTEXTEND PRINT(.\Listings\ADC.lst) TABS(2) OBJECT
                    -(.\Objects\ADC.obj)

line level    source

   1          #include "adc.h"
   2          void Delay(WORD n)
   3          {
   4   1          WORD x;
   5   1      
   6   1          while (n--)
   7   1          {
   8   2              x = 5000;
   9   2              while (x--);
  10   2          }
  11   1      }
  12          void InitADC(void)
  13          {
  14   1          P1ASF = 0x0c;                   
  15   1          ADC_RES = 0;                   
  16   1          ADC_CONTR = ADC_POWER | ADC_SPEEDLL;
  17   1          Delay(2);                       
  18   1      }
  19          u16 GetADCResult(BYTE ch)
  20          {
  21   1          ADC_CONTR = ADC_POWER | ADC_SPEEDLL | ch | ADC_START;
  22   1          _nop_();                        
  23   1          _nop_();
  24   1          _nop_();
  25   1          _nop_();
  26   1          while (!(ADC_CONTR & ADC_FLAG));
  27   1          ADC_CONTR &= ~ADC_FLAG;         //Close ADC
  28   1          return (((u16)ADC_RES) << 2) | ADC_RESL;            
  29   1      }
  30          u16 Adc_Filter(BYTE ch)
  31          {
  32   1        u16 adc_val[12],temp =0;
  33   1        u16 adc_val_sum = 0;
  34   1        u8 i = 0,j=0;
  35   1        for(i = 0 ;i < 12 ; i++)
  36   1        {
  37   2          adc_val[i] = GetADCResult(ch);
  38   2        }
  39   1        for(i = 0 ;i < 12 - 1 ; i++)
  40   1        {
  41   2          for(j = 0 ;j < 12 - 1 - i ; j++)
  42   2          {
  43   3            if(adc_val[j] > adc_val[j+1])
  44   3            {
  45   4              temp = adc_val[j];
  46   4              adc_val[j] = adc_val[j + 1];
  47   4              adc_val[j + 1] = temp;
  48   4            }
  49   3          }
  50   2        }
  51   1        for(i = 1; i < 11 ;i ++)
  52   1        {
  53   2          adc_val_sum += adc_val[i];
C51 COMPILER V9.54   ADC                                                                   04/12/2019 23:13:57 PAGE 2   

  54   2        }
  55   1        return adc_val_sum / 10;
  56   1      }


MODULE INFORMATION:   STATIC OVERLAYABLE
   CODE SIZE        =    231    ----
   CONSTANT SIZE    =   ----    ----
   XDATA SIZE       =   ----    ----
   PDATA SIZE       =   ----    ----
   DATA SIZE        =   ----      26
   IDATA SIZE       =   ----    ----
   BIT SIZE         =   ----    ----
END OF MODULE INFORMATION.


C51 COMPILATION COMPLETE.  0 WARNING(S),  0 ERROR(S)
