C51 COMPILER V9.54   INTERRUPT                                                             04/12/2019 23:13:58 PAGE 1   


C51 COMPILER V9.54, COMPILATION OF MODULE INTERRUPT
OBJECT MODULE PLACED IN .\Objects\Interrupt.obj
COMPILER INVOKED BY: D:\Keil_v5\C51\BIN\C51.EXE USER\Interrupt.c OPTIMIZE(8,SPEED) BROWSE INCDIR(.\USER;.\START;.\Hardwa
                    -re\IO_FUNC;.\Hardware\USART;.\Hardware\TIM;.\Hardware\ADC) DEBUG OBJECTEXTEND PRINT(.\Listings\Interrupt.lst) TABS(2) OB
                    -JECT(.\Objects\Interrupt.obj)

line level    source

   1          #include "main.h"
   2          
   3          bit usart1_busy;
   4          bit usart3_busy;
   5          extern u8 Rec_Buff[8];
   6          extern u8 Rec_Len;
   7          extern u8 Rec_Finish;
   8          /***********************************************************************************************
   9          *函数名 ： void Uart() interrupt 4  
  10          *函数功能描述 ：主机串口接收中断 
  11          *函数参数 ： NONE
  12          *函数返回值 ： void
  13          *作者 ：WangR
  14          *函数创建日期 ： 20190106
  15          *函数修改日期 ： --
  16          *修改人 ：--
  17          *修改原因 ： --
  18          *版本 ： 1.0
  19          *历史版本 ： --
  20          ***********************************************************************************************/
  21          void Uart() interrupt 4   //串口接收解码
  22          {
  23   1          if (RI)
  24   1          {
  25   2              
  26   2              if(Rec_Finish == False)
  27   2              {
  28   3                T4T3M &= ~0x02;                 //定时器3为12T模式
  29   3                T3L = 35536;                 //初始化计时值 
  30   3                T3H = 35536 >> 8;
  31   3                T4T3M |= 0x08;                  //定时器3开始计时
  32   3                IE2 |= 0x20;                    //开定时器3中断
  33   3              
  34   3                Rec_Buff[Rec_Len] = SBUF;
  35   3                Rec_Len ++; 
  36   3                if(Rec_Len == 8)
  37   3                {
  38   4                  if(Rec_Buff[0] == 0xa5 && Rec_Buff[1] == 0xa5)
  39   4                  {
  40   5                    Rec_Len = 0;
  41   5                    Rec_Finish = True;
  42   5                    T4T3M &= ~0x08;
  43   5                    IE2 &= ~0x20;   //关定时器3中断
  44   5                  }
  45   4                  else
  46   4                  {
  47   5                    memset(Rec_Buff , 0 , sizeof(Rec_Buff));
  48   5                    Rec_Len = 0;
  49   5                    Rec_Finish = False;
  50   5                    T4T3M &= ~0x08;
  51   5                    IE2 &= ~0x20;   //关定时器3中断
  52   5                  }
  53   4                }
C51 COMPILER V9.54   INTERRUPT                                                             04/12/2019 23:13:58 PAGE 2   

  54   3              }
  55   2              RI = 0;                 //清除RI位
  56   2          }
  57   1          if (TI)
  58   1          {
  59   2              TI = 0;                 //清除TI位
  60   2              usart1_busy = 0;
  61   2          }
  62   1      }
  63          /***********************************************************************************************
  64          *函数名 ： void Uart3() interrupt 17
  65          *函数功能描述 ：从机串口接收中断 
  66          *函数参数 ： NONE
  67          *函数返回值 ： void
  68          *作者 ：WangR
  69          *函数创建日期 ： 20190106
  70          *函数修改日期 ： --
  71          *修改人 ：--
  72          *修改原因 ： --
  73          *版本 ： 1.0
  74          *历史版本 ： --
  75          ***********************************************************************************************/
  76          void Uart3() interrupt 17
  77          {
  78   1          if (S3CON & S3RI)
  79   1          {
  80   2              S3CON &= ~S3RI;         //清除S3RI位
  81   2          }
  82   1          if (S3CON & S3TI)
  83   1          {
  84   2              S3CON &= ~S3TI;         //清除S3TI位
  85   2              usart3_busy = 0;
  86   2          }
  87   1      }
  88          /***********************************************************************************************
  89          *函数名 ： void t3int() interrupt 19 
  90          *函数功能描述 ：定时器3中断
  91          *函数参数 ： NONE
  92          *函数返回值 ： void
  93          *作者 ：WangR
  94          *函数创建日期 ： 20190106
  95          *函数修改日期 ： --
  96          *修改人 ：--
  97          *修改原因 ： --
  98          *版本 ： 1.0
  99          *历史版本 ： --
 100          ***********************************************************************************************/
 101          void t3int() interrupt 19           //中断入口
 102          {
 103   1        IE2 &= ~0x20;                   //若需要手动清除中断标志,可先关闭中断,此时系统会自
             -动清除内部的中断标志
 104   1        T4T3M &= ~0x08;
 105   1        Rec_Len = 0;
 106   1        Rec_Finish = False; 
 107   1        memset(Rec_Buff , 0 , sizeof(Rec_Buff));  
 108   1      
 109   1      }


MODULE INFORMATION:   STATIC OVERLAYABLE
   CODE SIZE        =    253    ----
   CONSTANT SIZE    =   ----    ----
C51 COMPILER V9.54   INTERRUPT                                                             04/12/2019 23:13:58 PAGE 3   

   XDATA SIZE       =   ----    ----
   PDATA SIZE       =   ----    ----
   DATA SIZE        =   ----    ----
   IDATA SIZE       =   ----    ----
   BIT SIZE         =      2    ----
END OF MODULE INFORMATION.


C51 COMPILATION COMPLETE.  0 WARNING(S),  0 ERROR(S)
